<?xml version="1.0" encoding="UTF-8"?>
<!-- Generated by org.testng.reporters.JUnitReportReporter -->
<testsuite skipped="1" hostname="DESKTOP-KD03D20" name="script.Excelutils" tests="1" failures="0" timestamp="29 Oct 2020 02:39:29 GMT" time="0.000" errors="0">
  <testcase name="loginTest" time="0.000" classname="script.Excelutils">
    <skipped/>
  </testcase> <!-- loginTest -->
</testsuite> <!-- script.Excelutils -->
