<?xml version="1.0" encoding="UTF-8"?>
<!-- Generated by org.testng.reporters.JUnitReportReporter -->
<testsuite hostname="Sony" failures="0" tests="1" name="seleniumPractice.JquerySliders" time="17.717" errors="0" timestamp="2021-04-06T12:09:44 IST" skipped="0">
  <testcase classname="seleniumPractice.JquerySliders" name="a_jquerySliders" time="17.717"/>
  <system-out/>
</testsuite> <!-- seleniumPractice.JquerySliders -->
