<?xml version="1.0" encoding="UTF-8"?>
<!-- Generated by org.testng.reporters.JUnitReportReporter -->
<testsuite hostname="Sony" failures="0" tests="4" name="seleniumPractice.Excelutils" time="0.031" errors="0" timestamp="2021-04-13T16:42:54 IST" skipped="0">
  <testcase classname="seleniumPractice.Excelutils" name="a_loginTest" time="0.006"/>
  <system-out/>
  <testcase classname="seleniumPractice.Excelutils" name="a_loginTest" time="0.015"/>
  <system-out/>
  <testcase classname="seleniumPractice.Excelutils" name="a_loginTest" time="0.008"/>
  <system-out/>
  <testcase classname="seleniumPractice.Excelutils" name="a_loginTest" time="0.002"/>
  <system-out/>
</testsuite> <!-- seleniumPractice.Excelutils -->
