<?xml version="1.0" encoding="UTF-8"?>
<!-- Generated by org.testng.reporters.JUnitReportReporter -->
<testsuite hostname="CHE6RW2C63" failures="0" tests="2" name="pageObjectModel.pageObjectTest" time="5.736" errors="0" timestamp="2021-05-06T10:25:31 IST" skipped="0">
  <testcase classname="pageObjectModel.pageObjectTest" name="a_pageload" time="3.307"/>
  <system-out/>
  <testcase classname="pageObjectModel.pageObjectTest" name="b_signInsignOut" time="2.429"/>
  <system-out/>
</testsuite> <!-- pageObjectModel.pageObjectTest -->
