<?xml version="1.0" encoding="UTF-8"?>
<!-- Generated by org.testng.reporters.JUnitReportReporter -->
<testsuite hostname="Sony" failures="0" tests="1" name="seleniumPractice.Webdriverexamples" time="37.572" errors="0" timestamp="2021-03-29T14:57:05 IST" skipped="0">
  <testcase classname="seleniumPractice.Webdriverexamples" name="browserexample" time="37.572"/>
  <system-out/>
</testsuite> <!-- seleniumPractice.Webdriverexamples -->
