<?xml version="1.0" encoding="UTF-8"?>
<!-- Generated by org.testng.reporters.JUnitReportReporter -->
<testsuite hostname="Sony" failures="0" tests="1" name="seleniumGridExamp.testSample" time="10.660" errors="0" timestamp="2021-04-08T12:23:37 IST" skipped="0">
  <testcase classname="seleniumGridExamp.testSample" name="testLogin" time="10.660"/>
  <system-out/>
</testsuite> <!-- seleniumGridExamp.testSample -->
