<?xml version="1.0" encoding="UTF-8"?>
<!-- Generated by org.testng.reporters.JUnitReportReporter -->
<testsuite hostname="CHE6RW2C63" failures="0" tests="4" name="seleniumPractice.Excelutils" time="0.008" errors="0" timestamp="2021-04-16T18:03:23 IST" skipped="0">
  <testcase classname="seleniumPractice.Excelutils" name="a_loginTest" time="0.005"/>
  <system-out/>
  <testcase classname="seleniumPractice.Excelutils" name="a_loginTest" time="0.001"/>
  <system-out/>
  <testcase classname="seleniumPractice.Excelutils" name="a_loginTest" time="0.001"/>
  <system-out/>
  <testcase classname="seleniumPractice.Excelutils" name="a_loginTest" time="0.001"/>
  <system-out/>
</testsuite> <!-- seleniumPractice.Excelutils -->
