<?xml version="1.0" encoding="UTF-8"?>
<!-- Generated by org.testng.reporters.JUnitReportReporter -->
<testsuite hostname="Sony" failures="0" tests="3" name="amazonTest.SearchProduct" time="14.744" errors="0" timestamp="2021-04-13T16:24:48 IST" skipped="0">
  <testcase classname="amazonTest.SearchProduct" name="b_searchproduct" time="4.898"/>
  <system-out/>
  <testcase classname="amazonTest.SearchProduct" name="c_addAddress" time="1.526"/>
  <system-out/>
  <testcase classname="amazonTest.SearchProduct" name="a_pageload" time="8.320"/>
  <system-out/>
</testsuite> <!-- amazonTest.SearchProduct -->
