<?xml version="1.0" encoding="UTF-8"?>
<!-- Generated by org.testng.reporters.JUnitReportReporter -->
<testsuite hostname="Sony" failures="0" tests="5" name="testNGPractice.Invocatandthread" time="0.030" errors="0" timestamp="2021-04-07T11:10:33 IST" skipped="0">
  <testcase classname="testNGPractice.Invocatandthread" name="invocationCount" time="0.002"/>
  <system-out/>
  <testcase classname="testNGPractice.Invocatandthread" name="invocationCount" time="0.003"/>
  <system-out/>
  <testcase classname="testNGPractice.Invocatandthread" name="invocationCount" time="0.018"/>
  <system-out/>
  <testcase classname="testNGPractice.Invocatandthread" name="invocationCount" time="0.003"/>
  <system-out/>
  <testcase classname="testNGPractice.Invocatandthread" name="invocationCount" time="0.004"/>
  <system-out/>
</testsuite> <!-- testNGPractice.Invocatandthread -->
