<?xml version="1.0" encoding="UTF-8"?>
<!-- Generated by org.testng.reporters.JUnitReportReporter -->
<testsuite skipped="0" hostname="DESKTOP-KD03D20" name="testNGFramework.Annotationexperiments" tests="1" failures="0" timestamp="17 Oct 2020 02:13:58 GMT" time="0.010" errors="0">
  <testcase name="f" time="0.010" classname="testNGFramework.Annotationexperiments"/>
</testsuite> <!-- testNGFramework.Annotationexperiments -->
