<?xml version="1.0" encoding="UTF-8"?>
<!-- Generated by org.testng.reporters.JUnitReportReporter -->
<testsuite skipped="0" hostname="DESKTOP-KD03D20" name="testNGFramework.Groupingconcept" tests="3" failures="0" timestamp="16 Oct 2020 02:52:08 GMT" time="0.019" errors="0">
  <testcase name="f1" time="0.015" classname="testNGFramework.Groupingconcept"/>
  <testcase name="f2" time="0.002" classname="testNGFramework.Groupingconcept"/>
  <testcase name="f3" time="0.002" classname="testNGFramework.Groupingconcept"/>
</testsuite> <!-- testNGFramework.Groupingconcept -->
