<?xml version="1.0" encoding="UTF-8"?>
<!-- Generated by org.testng.reporters.JUnitReportReporter -->
<testsuite hostname="Sony" failures="0" tests="5" name="testNGFramework.Groupingconcept" time="0.021" errors="0" timestamp="2021-02-27T15:52:35 IST" skipped="0">
  <testcase classname="testNGFramework.Groupingconcept" name="f2" time="0.002"/>
  <system-out/>
  <testcase classname="testNGFramework.Groupingconcept" name="f1" time="0.013"/>
  <system-out/>
  <testcase classname="testNGFramework.Groupingconcept" name="f4" time="0.002"/>
  <system-out/>
  <testcase classname="testNGFramework.Groupingconcept" name="f5" time="0.002"/>
  <system-out/>
  <testcase classname="testNGFramework.Groupingconcept" name="f3" time="0.002"/>
  <system-out/>
</testsuite> <!-- testNGFramework.Groupingconcept -->
