<?xml version="1.0" encoding="UTF-8"?>
<!-- Generated by org.testng.reporters.JUnitReportReporter -->
<testsuite hostname="Sony" failures="0" tests="5" name="testNGFramework.TestNGDependency" time="0.021" errors="0" timestamp="2021-02-19T08:24:35 PST" skipped="0">
  <testcase classname="testNGFramework.TestNGDependency" name="f3" time="0.012"/>
  <system-out/>
  <testcase classname="testNGFramework.TestNGDependency" name="f5" time="0.002"/>
  <system-out/>
  <testcase classname="testNGFramework.TestNGDependency" name="f2" time="0.004"/>
  <system-out/>
  <testcase classname="testNGFramework.TestNGDependency" name="f4" time="0.002"/>
  <system-out/>
  <testcase classname="testNGFramework.TestNGDependency" name="f1" time="0.001"/>
  <system-out/>
</testsuite> <!-- testNGFramework.TestNGDependency -->
