<?xml version="1.0" encoding="UTF-8"?>
<!-- Generated by org.testng.reporters.JUnitReportReporter -->
<testsuite skipped="0" hostname="DESKTOP-KD03D20" name="testNGFramework.TakingScreenshots" tests="1" failures="0" timestamp="20 Oct 2020 02:26:11 GMT" time="13.952" errors="0">
  <testcase name="a_login" time="13.952" classname="testNGFramework.TakingScreenshots"/>
</testsuite> <!-- testNGFramework.TakingScreenshots -->
