<?xml version="1.0" encoding="UTF-8"?>
<!-- Generated by org.testng.reporters.JUnitReportReporter -->
<testsuite hostname="Sony" failures="0" tests="1" name="testNGFramework.Annotationexperiments" time="0.011" errors="0" timestamp="2021-04-06T11:01:44 IST" skipped="0">
  <testcase classname="testNGFramework.Annotationexperiments" name="f" time="0.011"/>
  <system-out/>
</testsuite> <!-- testNGFramework.Annotationexperiments -->
