<?xml version="1.0" encoding="UTF-8"?>
<!-- Generated by org.testng.reporters.JUnitReportReporter -->
<testsuite skipped="0" hostname="DESKTOP-KD03D20" name="testNGFramework.ImplicitWaitexample" tests="1" failures="0" timestamp="19 Oct 2020 02:55:02 GMT" time="12.724" errors="0">
  <testcase name="a_pageload" time="12.724" classname="testNGFramework.ImplicitWaitexample"/>
</testsuite> <!-- testNGFramework.ImplicitWaitexample -->
