<?xml version="1.0" encoding="UTF-8"?>
<!-- Generated by org.testng.reporters.JUnitReportReporter -->
<testsuite skipped="0" hostname="DESKTOP-KD03D20" name="testNGFramework.Verificationcommands" tests="4" failures="0" timestamp="17 Oct 2020 02:42:59 GMT" time="27.137" errors="0">
  <testcase name="d_textisDisplayed" time="0.130" classname="testNGFramework.Verificationcommands"/>
  <testcase name="c_checkBoxisselected" time="0.192" classname="testNGFramework.Verificationcommands"/>
  <testcase name="a_pageload" time="21.978" classname="testNGFramework.Verificationcommands"/>
  <testcase name="b_radioButtonisenabled" time="4.837" classname="testNGFramework.Verificationcommands"/>
</testsuite> <!-- testNGFramework.Verificationcommands -->
