<?xml version="1.0" encoding="UTF-8"?>
<!-- Generated by org.testng.reporters.JUnitReportReporter -->
<testsuite skipped="0" hostname="DESKTOP-KD03D20" name="testNGFramework.ZeroWebAppAnnotations" tests="1" failures="0" timestamp="17 Oct 2020 02:19:06 GMT" time="17.847" errors="0">
  <testcase name="f" time="17.847" classname="testNGFramework.ZeroWebAppAnnotations"/>
</testsuite> <!-- testNGFramework.ZeroWebAppAnnotations -->
