<?xml version="1.0" encoding="UTF-8"?>
<!-- Generated by org.testng.reporters.JUnitReportReporter -->
<testsuite skipped="1" hostname="DESKTOP-KD03D20" name="testNGFramework.TestNGConcepts" tests="5" failures="0" timestamp="16 Oct 2020 02:14:52 GMT" time="0.035" errors="0">
  <testcase name="f2" time="0.004" classname="testNGFramework.TestNGConcepts"/>
  <testcase name="f5" time="0.004" classname="testNGFramework.TestNGConcepts"/>
  <testcase name="f4" time="0.002" classname="testNGFramework.TestNGConcepts"/>
  <testcase name="f1" time="0.025" classname="testNGFramework.TestNGConcepts"/>
  <testcase name="f3" classname="testNGFramework.TestNGConcepts">
    <skipped/>
  </testcase> <!-- f3 -->
</testsuite> <!-- testNGFramework.TestNGConcepts -->
