<?xml version="1.0" encoding="UTF-8"?>
<!-- Generated by org.testng.reporters.JUnitReportReporter -->
<testsuite skipped="0" hostname="DESKTOP-KD03D20" name="testNGFramework.JpetstorepracticetestNG" tests="4" failures="0" timestamp="16 Oct 2020 02:41:38 GMT" time="29.232" errors="0">
  <testcase name="pageload" time="12.066" classname="testNGFramework.JpetstorepracticetestNG"/>
  <testcase name="regform" time="7.921" classname="testNGFramework.JpetstorepracticetestNG"/>
  <testcase name="signin" time="8.532" classname="testNGFramework.JpetstorepracticetestNG"/>
  <testcase name="signout" time="0.713" classname="testNGFramework.JpetstorepracticetestNG"/>
</testsuite> <!-- testNGFramework.JpetstorepracticetestNG -->
