<?xml version="1.0" encoding="UTF-8"?>
<!-- Generated by org.testng.reporters.JUnitReportReporter -->
<testsuite skipped="0" hostname="DESKTOP-KD03D20" name="automationFramework.GoogleExample" tests="1" failures="0" timestamp="27 Oct 2020 02:05:57 GMT" time="17.696" errors="0">
  <testcase name="a_pageload" time="17.696" classname="automationFramework.GoogleExample"/>
</testsuite> <!-- automationFramework.GoogleExample -->
