<?xml version="1.0" encoding="UTF-8"?>
<!-- Generated by org.testng.reporters.JUnitReportReporter -->
<testsuite skipped="0" hostname="DESKTOP-KD03D20" name="testNGFramework.JpetstorepracticetestNG" tests="4" failures="0" timestamp="14 Oct 2020 13:24:43 GMT" time="31.624" errors="0">
  <testcase name="pageload" time="14.445" classname="testNGFramework.JpetstorepracticetestNG"/>
  <testcase name="regform" time="8.204" classname="testNGFramework.JpetstorepracticetestNG"/>
  <testcase name="signin" time="8.337" classname="testNGFramework.JpetstorepracticetestNG"/>
  <testcase name="signout" time="0.638" classname="testNGFramework.JpetstorepracticetestNG"/>
</testsuite> <!-- testNGFramework.JpetstorepracticetestNG -->
