<?xml version="1.0" encoding="UTF-8"?>
<!-- Generated by org.testng.reporters.JUnitReportReporter -->
<testsuite skipped="0" hostname="DESKTOP-KD03D20" name="testNGFramework.Digitalbank" tests="2" failures="0" timestamp="16 Oct 2020 15:49:12 GMT" time="41.976" errors="0">
  <testcase name="a_pageload" time="20.242" classname="testNGFramework.Digitalbank"/>
  <testcase name="b_digibankform" time="21.734" classname="testNGFramework.Digitalbank"/>
</testsuite> <!-- testNGFramework.Digitalbank -->
