<?xml version="1.0" encoding="UTF-8"?>
<!-- Generated by org.testng.reporters.JUnitReportReporter -->
<testsuite skipped="0" hostname="DESKTOP-KD03D20" name="testNGFramework.DemoBlazeSignupLogin" tests="2" failures="0" timestamp="18 Oct 2020 16:45:10 GMT" time="7.877" errors="0">
  <testcase name="a_signUp" time="5.471" classname="testNGFramework.DemoBlazeSignupLogin"/>
  <testcase name="b_login" time="2.406" classname="testNGFramework.DemoBlazeSignupLogin"/>
</testsuite> <!-- testNGFramework.DemoBlazeSignupLogin -->
