<?xml version="1.0" encoding="UTF-8"?>
<!-- Generated by org.testng.reporters.JUnitReportReporter -->
<testsuite skipped="0" hostname="DESKTOP-KD03D20" name="scripts.YourLogoScript" tests="2" failures="0" timestamp="27 Oct 2020 02:45:28 GMT" time="21.195" errors="0">
  <testcase name="a_pageload" time="13.178" classname="scripts.YourLogoScript"/>
  <testcase name="b_signInsignOut" time="8.017" classname="scripts.YourLogoScript"/>
</testsuite> <!-- scripts.YourLogoScript -->
